android/app/build/intermediates/manifest_merge_blame_file/debug/manifest-merger-blame-debug-report.txt
1<?xml version="1.0" encoding="utf-8"?>
2<manifest xmlns:android="http://schemas.android.com/apk/res/android"
3    package="com.bibliaforandroid"
4    android:versionCode="1"
5    android:versionName="1.0" >
6
7    <uses-sdk
8        android:minSdkVersion="21"
9        android:targetSdkVersion="30" />
10
11    <uses-permission android:name="android.permission.SYSTEM_ALERT_WINDOW" />
11-->src\debug\AndroidManifest.xml:5:5-77
11-->src\debug\AndroidManifest.xml:5:22-75
12    <uses-permission android:name="android.permission.INTERNET" />
12-->src\main\AndroidManifest.xml:4:5-67
12-->src\main\AndroidManifest.xml:4:22-64
13    <uses-permission android:name="android.permission.ACCESS_WIFI_STATE" />
13-->[com.facebook.flipper:flipper:0.99.0] AndroidManifest.xml:16:5-76
13-->[com.facebook.flipper:flipper:0.99.0] AndroidManifest.xml:16:22-73
14
15    <application
15-->src\main\AndroidManifest.xml:6:5-34:19
16        android:name="com.bibliaforandroid.MainApplication"
16-->src\main\AndroidManifest.xml:7:7-38
17        android:allowBackup="false"
17-->src\main\AndroidManifest.xml:11:7-34
18        android:appComponentFactory="androidx.core.app.CoreComponentFactory"
18-->[androidx.core:core:1.5.0] AndroidManifest.xml:24:18-86
19        android:debuggable="true"
20        android:icon="@mipmap/splash_screen"
20-->src\main\AndroidManifest.xml:9:7-43
21        android:label="@string/app_name"
21-->src\main\AndroidManifest.xml:8:7-39
22        android:roundIcon="@mipmap/splash_screen"
22-->src\main\AndroidManifest.xml:10:7-48
23        android:theme="@style/AppTheme"
23-->src\main\AndroidManifest.xml:12:7-38
24        android:usesCleartextTraffic="true" >
24-->src\debug\AndroidManifest.xml:8:9-44
25        <activity android:name="com.facebook.react.devsupport.DevSettingsActivity" />
25-->src\main\AndroidManifest.xml:33:7-84
25-->src\main\AndroidManifest.xml:33:17-81
26        <!-- Adicionamos a nossa SplashActivity -->
27        <activity
27-->src\main\AndroidManifest.xml:15:9-23:20
28            android:name="com.bibliaforandroid.SplashActivity"
28-->src\main\AndroidManifest.xml:16:11-41
29            android:label="@string/app_name"
29-->src\main\AndroidManifest.xml:18:11-43
30            android:theme="@style/SplashTheme" >
30-->src\main\AndroidManifest.xml:17:11-45
31            <intent-filter>
31-->src\main\AndroidManifest.xml:19:11-22:27
32                <action android:name="android.intent.action.MAIN" />
32-->src\main\AndroidManifest.xml:20:15-67
32-->src\main\AndroidManifest.xml:20:23-64
33
34                <category android:name="android.intent.category.LAUNCHER" />
34-->src\main\AndroidManifest.xml:21:15-75
34-->src\main\AndroidManifest.xml:21:25-72
35            </intent-filter>
36        </activity> <!-- Remova o intent-filter na MainActivity adicione o parâmetro android:exported="true" -->
37        <activity
37-->src\main\AndroidManifest.xml:26:7-32:34
38            android:name="com.bibliaforandroid.MainActivity"
38-->src\main\AndroidManifest.xml:27:9-37
39            android:configChanges="keyboard|keyboardHidden|orientation|screenSize|uiMode"
39-->src\main\AndroidManifest.xml:29:9-86
40            android:exported="true"
40-->src\main\AndroidManifest.xml:32:9-32
41            android:label="@string/app_name"
41-->src\main\AndroidManifest.xml:28:9-41
42            android:launchMode="singleTop"
42-->src\main\AndroidManifest.xml:30:9-39
43            android:windowSoftInputMode="adjustResize" />
43-->src\main\AndroidManifest.xml:31:9-51
44    </application>
45
46</manifest>